<?xml version="1.0" encoding="UTF-8"?>
<!-- Generated by org.testng.reporters.JUnitReportReporter -->
<testsuite hostname="LAPTOP-DKKEHFU6" failures="0" tests="1" name="testng.Test1" time="0.008" errors="0" timestamp="2021-08-19T21:48:11 IST" skipped="0">
  <testcase classname="testng.Test1" name="demo" time="0.008"/>
  <system-out>
    <![CDATA[gd mrng
gd night]]>
  </system-out>
</testsuite> <!-- testng.Test1 -->
