<?xml version="1.0" encoding="UTF-8"?>
<!-- Generated by org.testng.reporters.JUnitReportReporter -->
<testsuite hostname="LAPTOP-DKKEHFU6" failures="0" tests="1" name="testng.Test3" time="8.879" errors="0" timestamp="2021-08-21T12:18:16 IST" skipped="0">
  <testcase classname="testng.Test3" name="login" time="8.879"/>
  <system-out>
    <![CDATA[actiTIME - Login
https://demo.actitime.com/login.do]]>
  </system-out>
</testsuite> <!-- testng.Test3 -->
