<?xml version="1.0" encoding="UTF-8"?>
<!-- Generated by org.testng.reporters.JUnitReportReporter -->
<testsuite hostname="LAPTOP-DKKEHFU6" failures="0" tests="4" name="testng.Test2" time="0.010" errors="0" timestamp="2021-08-15T22:28:11 IST" skipped="1">
  <testcase classname="testng.Test2" name="chats" time="0.007"/>
  <system-out>
    <![CDATA[chats]]>
  </system-out>
  <testcase classname="testng.Test2" name="settings" time="0.002"/>
  <system-out>
    <![CDATA[settings]]>
  </system-out>
  <testcase classname="testng.Test2" name="settings" time="0.001"/>
  <system-out>
    <![CDATA[settings]]>
  </system-out>
  <testcase classname="testng.Test2" name="calls">
    <skipped/>
  </testcase> <!-- calls -->
  <system-out/>
</testsuite> <!-- testng.Test2 -->
