<?xml version="1.0" encoding="UTF-8"?>
<!-- Generated by org.testng.reporters.JUnitReportReporter -->
<testsuite hostname="LAPTOP-DKKEHFU6" failures="0" tests="2" name="testng.ParallelExecutionTest" time="25.290" errors="0" timestamp="2021-08-19T23:33:44 IST" skipped="0">
  <testcase classname="testng.ParallelExecutionTest" name="demo" time="14.289"/>
  <system-out>
    <![CDATA[actiTIME - Login]]>
  </system-out>
  <testcase classname="testng.ParallelExecutionTest" name="demo" time="11.001"/>
  <system-out>
    <![CDATA[actiTIME - Login]]>
  </system-out>
</testsuite> <!-- testng.ParallelExecutionTest -->
